[I 00:08:38.492 NotebookApp] The port 3389 is already in use, trying another port.
[I 00:08:38.492 NotebookApp] The port 3390 is already in use, trying another port.
[I 00:08:38.492 NotebookApp] The port 3391 is already in use, trying another port.
[I 00:08:38.525 NotebookApp] JupyterLab beta preview extension loaded from /home/project/anaconda3/lib/python3.6/site-packages/jupyterlab
[I 00:08:38.525 NotebookApp] JupyterLab application directory is /home/project/anaconda3/share/jupyter/lab
[I 00:08:38.529 NotebookApp] Serving notebooks from local directory: /home/project/workspace/backtrader/notebooks/team1/jason
[I 00:08:38.529 NotebookApp] 0 active kernels
[I 00:08:38.529 NotebookApp] The Jupyter Notebook is running at:
[I 00:08:38.530 NotebookApp] https://[all ip addresses on your system]:3392/
[I 00:08:38.530 NotebookApp] Use Control-C to stop this server and shut down all kernels (twice to skip confirmation).
[I 20:57:20.919 NotebookApp] The port 3389 is already in use, trying another port.
[I 20:57:20.920 NotebookApp] The port 3390 is already in use, trying another port.
[I 20:57:20.920 NotebookApp] The port 3391 is already in use, trying another port.
[I 20:57:20.920 NotebookApp] The port 3392 is already in use, trying another port.
[I 20:57:20.948 NotebookApp] JupyterLab beta preview extension loaded from /home/project/anaconda3/lib/python3.6/site-packages/jupyterlab
[I 20:57:20.948 NotebookApp] JupyterLab application directory is /home/project/anaconda3/share/jupyter/lab
[I 20:57:20.953 NotebookApp] Serving notebooks from local directory: /home/project/workspace/backtrader/notebooks/team1/jason
[I 20:57:20.953 NotebookApp] 0 active kernels
[I 20:57:20.953 NotebookApp] The Jupyter Notebook is running at:
[I 20:57:20.953 NotebookApp] https://[all ip addresses on your system]:3393/
[I 20:57:20.953 NotebookApp] Use Control-C to stop this server and shut down all kernels (twice to skip confirmation).
